<?xml version="1.0" encoding="UTF-8"?>
<testsuite name="UtilsTest" tests="8" skipped="1" failures="0" errors="0" timestamp="2021-03-24T15:53:14" hostname="HOME-PC" time="0.085">
  <properties/>
  <testcase name="concatenateWordsEmpty()" classname="UtilsTest" time="0.018"/>
  <testcase name="concatenateWordsNulls()" classname="UtilsTest" time="0.001"/>
  <testcase name="testComputeFactorialWithTimeout()" classname="UtilsTest" time="0.013"/>
  <testcase name="[1] РџСЂРѕРІРµСЂРєР° РєРёСЂРёР»Р»РёС†С‹" classname="UtilsTest" time="0.021"/>
  <testcase name="[2] гѓ„ СѓР»С‹Р±РєР°" classname="UtilsTest" time="0.001"/>
  <testcase name="[3] &#x1f308; &#x1f984;" classname="UtilsTest" time="0.001"/>
  <testcase name="testComputeFactorial()" classname="UtilsTest" time="0.002"/>
  <testcase name="computeFactorial()" classname="UtilsTest" time="0.0">
    <skipped/>
  </testcase>
  <system-out><![CDATA[]]></system-out>
  <system-err><![CDATA[]]></system-err>
</testsuite>
